c:\windows\temp\w32msgs.e:45 in procedure fShowError() 
attempt to divide by 0 
    <no-name> = {66'B',105'i',116't',109'm',97'a',112'p',32' ',39''',99'c',
58':',92'\',119'w',105'i',110'n',100'd',111'o',119'w',115's',92'\',116't',
101'e',109'm',112'p',92'\',82'R',79'O',79'O',77'M',49'1',46'.',66'B',77'M',
80'P',39''',32' ',105'i',115's',32' ',99'c',111'o',114'r',114'r',117'u',
112'p',116't',44',',32' ',105'i',110'n',32' ',82'R',101'e',97'a',100'd',
68'D',73'I',66'B'}
    <no-name> = 1
    <no-name> = 0
    <no-name> = 2
    <no-name> = 51'3'
    <no-name> = {66'B',105'i',116't',109'm',97'a',112'p',32' ',39''',99'c',
58':',92'\',119'w',105'i',110'n',100'd',111'o',119'w',115's',92'\',116't',
101'e',109'm',112'p',92'\',82'R',79'O',79'O',77'M',49'1',46'.',66'B',77'M',
80'P',39''',32' ',105'i',115's',32' ',99'c',111'o',114'r',114'r',117'u',
112'p',116't',44',',32' ',105'i',110'n',32' ',82'R',101'e',97'a',100'd',
68'D',73'I',66'B'}
    <no-name> = {66'B',105'i',116't',109'm',97'a',112'p',32' ',39''',99'c',
58':',92'\',119'w',105'i',110'n',100'd',111'o',119'w',115's',92'\',116't',
101'e',109'm',112'p',92'\',82'R',79'O',79'O',77'M',49'1',46'.',66'B',77'M',
80'P',39''',32' ',105'i',115's',32' ',99'c',111'o',114'r',114'r',117'u',
112'p',116't',44',',32' ',105'i',110'n',32' ',82'R',101'e',97'a',100'd',
68'D',73'I',66'B',10,10,80'P',114'r',101'e',115's',115's',10,32' ',32' ',
91'[',32' ',89'Y',69'E',83'S',32' ',93']',32' ',32' ',116't',111'o',32' ',
99'c',111'o',110'n',116't',105'i',110'n',117'u',101'e',44',',10,32' ',32' ',
91'[',32' ',78'N',79'O',32' ',93']',32' ',116't',111'o',32' ',105'i',103'g',
110'n',111'o',114'r',101'e',32' ',114'r',101'e',112'p',101'e',97'a',116't',
115's',44',',32' ',111'o',114'r',10,32' ',32' ',91'[',32' ',67'C',97'a',
110'n',99'c',101'e',108'l',32' ',93']',32' ',32' ',116't',111'o',32' ',113'q',
117'u',105'i',116't',46'.',10,10,87'W',105'i',110'n',51'3',50'2',76'L',105'i',
98'b',32' ',118'v',48'0',46'.',54'6',48'0',46'.',54'6',32' ',49'1',57'9',
45'-',83'S',101'e',112'p',45'-',50'2',48'0',48'0',52'4'}
    <no-name> = {87'W',105'i',110'n',51'3',50'2',76'L',105'i',98'b',32' ',
65'A',112'p',112'p',87'W',105'i',110'n',100'd',111'o',119'w',32' ',45'-',
32' ',69'E',114'r',114'r',111'o',114'r',32' ',87'W',97'a',114'r',110'n',
105'i',110'n',103'g'}

... called from c:\windows\temp\w32msgs.e:171 in procedure warnErr()  
    <no-name> = {66'B',105'i',116't',109'm',97'a',112'p',32' ',39''',99'c',
58':',92'\',119'w',105'i',110'n',100'd',111'o',119'w',115's',92'\',116't',
101'e',109'm',112'p',92'\',82'R',79'O',79'O',77'M',49'1',46'.',66'B',77'M',
80'P',39''',32' ',105'i',115's',32' ',99'c',111'o',114'r',114'r',117'u',
112'p',116't',44',',32' ',105'i',110'n',32' ',82'R',101'e',97'a',100'd',
68'D',73'I',66'B'}

... called from c:\windows\temp\win32lib.ew:26380 in function loadBitmapFromFile2()  
    <no-name> = {99'c',58':',92'\',119'w',105'i',110'n',100'd',111'o',119'w',
115's',92'\',116't',101'e',109'm',112'p',92'\',82'R',79'O',79'O',77'M',49'1',
46'.',66'B',77'M',80'P'}
    <no-name> = 77639716
    <no-name> = <no value>
    <no-name> = <no value>
    <no-name> = <no value>
    <no-name> = <no value>
    <no-name> = <no value>
    <no-name> = 10
    <no-name> = 690968
    <no-name> = 10
    <no-name> = <no value>
    <no-name> = 690967

... called from c:\windows\temp\win32lib.ew:26505 in function loadBitmapFromFile()  
    <no-name> = {99'c',58':',92'\',119'w',105'i',110'n',100'd',111'o',119'w',
115's',92'\',116't',101'e',109'm',112'p',92'\',82'R',79'O',79'O',77'M',49'1',
46'.',66'B',77'M',80'P'}
    <no-name> = 0
    <no-name> = 0
    <no-name> = 4

... called from c:\windows\temp\runtime.exw:460 in procedure add_room()  
    <no-name> = {114'r',111'o',111'o',109'm',49'1'}
    <no-name> = {
                  480,
                  480,
                  480,
                  480,
                  30,
                  {99'c',58':',92'\',119'w',105'i',110'n',100'd',111'o',
119'w',115's',92'\',116't',101'e',109'm',112'p',92'\',82'R',79'O',79'O',
77'M',49'1',46'.',66'B',77'M',80'P'},
                  16777215,
                  {80'P',97'a',99'c',109'm',97'a',110'n'},
                  0
                }
    <no-name> = -1

... called from c:\windows\temp\runtime.exw:2595 in procedure make_room_list()  
    <no-name> = 2
    <no-name> = 16
    <no-name> = 225

... called from c:\windows\temp\runtime.exw:2837 in procedure library_startup()  
    <no-name> = 4
    <no-name> = 4
    <no-name> = 11466
    <no-name> = <no value>

... called from c:\windows\temp\runtime.exw:1 


Global & Local Variables


